{
  "RSpec": {
    "coverage": {
      "/Users/seanpierce/Desktop/rails_record_store/spec/features/record_crud_spec.rb": [
        1,
        null,
        1,
        null,
        1,
        null,
        1,
        null,
        null,
        null,
        null,
        null,
        null,
        null,
        null,
        1,
        null,
        1,
        1,
        1,
        1,
        null,
        1,
        null,
        null,
        1,
        null,
        1,
        1,
        1,
        1,
        null,
        1,
        1,
        1,
        1,
        1,
        1,
        1,
        1,
        1,
        null,
        null,
        1,
        1,
        1,
        null,
        null,
        1,
        null,
        1,
        1,
        1,
        1,
        null,
        1,
        1,
        1,
        1,
        1,
        null,
        null,
        1,
        null,
        1,
        1,
        1,
        1,
        null,
        1,
        1,
        1,
        null,
        null,
        null
      ],
      "/Users/seanpierce/Desktop/rails_record_store/spec/rails_helper.rb": [
        null,
        1,
        1,
        1,
        null,
        1,
        1,
        null,
        null,
        null,
        null,
        null,
        null,
        null,
        null,
        null,
        null,
        null,
        null,
        null,
        null,
        null,
        null,
        null,
        null,
        null,
        1,
        null,
        1,
        null,
        1,
        null,
        null,
        null,
        null,
        1,
        null,
        null,
        null,
        null,
        null,
        null,
        null,
        null,
        null,
        null,
        null,
        null,
        null,
        null,
        1,
        null,
        null,
        1,
        null,
        null,
        null,
        null,
        1,
        null,
        1,
        1,
        1,
        1,
        null,
        null,
        null,
        1,
        1,
        1
      ],
      "/Users/seanpierce/Desktop/rails_record_store/config/environment.rb": [
        null,
        1,
        null,
        null,
        1
      ],
      "/Users/seanpierce/Desktop/rails_record_store/config/application.rb": [
        1,
        null,
        1,
        null,
        1,
        1,
        1,
        1,
        1,
        1,
        1,
        1,
        null,
        null,
        null,
        null,
        1,
        null,
        1,
        1,
        null,
        1,
        null,
        null,
        null,
        null,
        null,
        null,
        1,
        null,
        null
      ],
      "/Users/seanpierce/Desktop/rails_record_store/config/boot.rb": [
        1,
        null,
        1
      ],
      "/Users/seanpierce/Desktop/rails_record_store/config/environments/test.rb": [
        1,
        null,
        null,
        null,
        null,
        null,
        null,
        1,
        null,
        null,
        null,
        null,
        1,
        null,
        null,
        1,
        1,
        null,
        null,
        null,
        null,
        1,
        1,
        null,
        null,
        1,
        null,
        null,
        1,
        1,
        null,
        null,
        null,
        null,
        1,
        null,
        null,
        1,
        null,
        null,
        null,
        null
      ],
      "/Users/seanpierce/Desktop/rails_record_store/config/initializers/application_controller_renderer.rb": [
        null,
        null,
        null,
        null,
        null,
        null
      ],
      "/Users/seanpierce/Desktop/rails_record_store/config/initializers/assets.rb": [
        null,
        null,
        null,
        1,
        null,
        null,
        null,
        null,
        1,
        null,
        null,
        null,
        null,
        null
      ],
      "/Users/seanpierce/Desktop/rails_record_store/config/initializers/backtrace_silencers.rb": [
        null,
        null,
        null,
        null,
        null,
        null,
        null
      ],
      "/Users/seanpierce/Desktop/rails_record_store/config/initializers/cookies_serializer.rb": [
        null,
        null,
        null,
        null,
        1
      ],
      "/Users/seanpierce/Desktop/rails_record_store/config/initializers/filter_parameter_logging.rb": [
        null,
        null,
        null,
        1
      ],
      "/Users/seanpierce/Desktop/rails_record_store/config/initializers/inflections.rb": [
        null,
        null,
        null,
        null,
        null,
        null,
        null,
        null,
        null,
        null,
        null,
        null,
        null,
        null,
        null,
        null
      ],
      "/Users/seanpierce/Desktop/rails_record_store/config/initializers/mime_types.rb": [
        null,
        null,
        null,
        null
      ],
      "/Users/seanpierce/Desktop/rails_record_store/config/initializers/wrap_parameters.rb": [
        null,
        null,
        null,
        null,
        null,
        null,
        1,
        2,
        null,
        null,
        null,
        null,
        null,
        null
      ],
      "/Users/seanpierce/Desktop/rails_record_store/config/routes.rb": [
        1,
        null,
        1,
        null,
        1,
        1,
        null,
        null,
        null,
        1,
        1,
        1,
        1,
        1,
        1,
        null,
        null,
        1,
        null,
        null
      ],
      "/Users/seanpierce/Desktop/rails_record_store/app/controllers/application_controller.rb": [
        1,
        1,
        1,
        null,
        1,
        276,
        235,
        null,
        null,
        null,
        1,
        1,
        0,
        0,
        null,
        null,
        null,
        1,
        3,
        0,
        0,
        null,
        null,
        null,
        null
      ],
      "/Users/seanpierce/Desktop/rails_record_store/app/helpers/application_helper.rb": [
        1,
        null
      ],
      "/Users/seanpierce/Desktop/rails_record_store/app/helpers/pages_helper.rb": [
        1,
        null
      ],
      "/Users/seanpierce/Desktop/rails_record_store/app/helpers/records_helper.rb": [
        1,
        null
      ],
      "/Users/seanpierce/Desktop/rails_record_store/app/helpers/reviews_helper.rb": [
        1,
        null
      ],
      "/Users/seanpierce/Desktop/rails_record_store/app/helpers/users_helper.rb": [
        1,
        null
      ],
      "/Users/seanpierce/Desktop/rails_record_store/app/channels/application_cable/channel.rb": [
        1,
        1,
        null,
        null
      ],
      "/Users/seanpierce/Desktop/rails_record_store/app/channels/application_cable/connection.rb": [
        1,
        1,
        null,
        null
      ],
      "/Users/seanpierce/Desktop/rails_record_store/app/controllers/pages_controller.rb": [
        1,
        null,
        1,
        null,
        1,
        0,
        null,
        null,
        1,
        1,
        null,
        null,
        null
      ],
      "/Users/seanpierce/Desktop/rails_record_store/app/controllers/records_controller.rb": [
        1,
        null,
        1,
        8,
        null,
        null,
        1,
        13,
        null,
        null,
        1,
        1,
        1,
        1,
        1,
        null,
        0,
        0,
        null,
        null,
        null,
        1,
        1,
        null,
        null,
        1,
        1,
        1,
        1,
        1,
        null,
        0,
        0,
        null,
        null,
        null,
        1,
        1,
        1,
        1,
        null,
        null,
        null,
        null,
        1,
        1,
        2,
        null,
        null,
        null
      ],
      "/Users/seanpierce/Desktop/rails_record_store/app/controllers/reviews_controller.rb": [
        1,
        null,
        1,
        null,
        1,
        2,
        2,
        null,
        null,
        1,
        3,
        3,
        null,
        null,
        1,
        3,
        3,
        3,
        3,
        3,
        null,
        0,
        0,
        null,
        null,
        null,
        1,
        1,
        1,
        null,
        null,
        1,
        1,
        1,
        1,
        1,
        null,
        0,
        null,
        null,
        null,
        1,
        1,
        1,
        1,
        1,
        null,
        null,
        null,
        1,
        1,
        4,
        null,
        null,
        null
      ],
      "/Users/seanpierce/Desktop/rails_record_store/app/controllers/sessions_controller.rb": [
        1,
        null,
        1,
        7,
        7,
        7,
        7,
        7,
        null,
        0,
        0,
        null,
        null,
        null,
        1,
        0,
        0,
        0,
        null,
        null
      ],
      "/Users/seanpierce/Desktop/rails_record_store/app/controllers/users_controller.rb": [
        1,
        null,
        1,
        null,
        null,
        1,
        0,
        null,
        null,
        1,
        0,
        0,
        0,
        0,
        0,
        null,
        0,
        0,
        null,
        null,
        null,
        1,
        null,
        1,
        0,
        null,
        null
      ],
      "/Users/seanpierce/Desktop/rails_record_store/app/jobs/application_job.rb": [
        1,
        null
      ],
      "/Users/seanpierce/Desktop/rails_record_store/app/mailers/application_mailer.rb": [
        1,
        1,
        1,
        null
      ],
      "/Users/seanpierce/Desktop/rails_record_store/app/models/application_record.rb": [
        1,
        1,
        null
      ],
      "/Users/seanpierce/Desktop/rails_record_store/app/models/record.rb": [
        1,
        null,
        1,
        1,
        null,
        1,
        1,
        null,
        null
      ],
      "/Users/seanpierce/Desktop/rails_record_store/app/models/review.rb": [
        1,
        null,
        1,
        1,
        1,
        null,
        1,
        null
      ],
      "/Users/seanpierce/Desktop/rails_record_store/app/models/user.rb": [
        1,
        null,
        1,
        null,
        1,
        1,
        1,
        1,
        null,
        1,
        2,
        2,
        null,
        null,
        1,
        7,
        7,
        7,
        null,
        null,
        null,
        null,
        null
      ],
      "/Users/seanpierce/Desktop/rails_record_store/spec/factories.rb": [
        1,
        null,
        1,
        null,
        null,
        null,
        null,
        null,
        null,
        1,
        null,
        1,
        1,
        1,
        1,
        1,
        1,
        1,
        null,
        null,
        1,
        1,
        1,
        1,
        1,
        1,
        null,
        null,
        1,
        1,
        1,
        1,
        null,
        null,
        null
      ],
      "/Users/seanpierce/Desktop/rails_record_store/spec/features/review_spec.rb": [
        1,
        null,
        1,
        null,
        1,
        null,
        1,
        null,
        null,
        null,
        null,
        null,
        null,
        null,
        null,
        1,
        null,
        1,
        1,
        1,
        1,
        null,
        1,
        1,
        1,
        1,
        1,
        null,
        null,
        1,
        null,
        1,
        1,
        1,
        1,
        null,
        1,
        1,
        1,
        1,
        1,
        1,
        1,
        1,
        1,
        null,
        null,
        1,
        null,
        1,
        1,
        1,
        1,
        null,
        1,
        1,
        1,
        1,
        1,
        1,
        1,
        null,
        null,
        null,
        null
      ],
      "/Users/seanpierce/Desktop/rails_record_store/spec/models/record_spec.rb": [
        1,
        null,
        1,
        null,
        2,
        null,
        2,
        2,
        2,
        2,
        2,
        null,
        null
      ],
      "/Users/seanpierce/Desktop/rails_record_store/spec/models/review_spec.rb": [
        1,
        null,
        1,
        null,
        2,
        2,
        2,
        null,
        null
      ],
      "/Users/seanpierce/Desktop/rails_record_store/spec/models/user_spec.rb": [
        1,
        null,
        1,
        null,
        2,
        null,
        2,
        2,
        2,
        2,
        null,
        null
      ]
    },
    "timestamp": 1499619353
  }
}
